# JRE version: Java(TM) SE Runtime Environment (7.0_60-b04) (build 1.7.0_60-ea-b04)
# Java VM: Java HotSpot(TM) 64-Bit Server VM (24.60-b07 mixed mode windows-amd64 compressed oops)
Heap
 PSYoungGen      total 66048K, used 54761K [0x00000000eb700000, 0x00000000efa00000, 0x0000000100000000)
  eden space 63488K, 84% used [0x00000000eb700000,0x00000000eeb62aa8,0x00000000ef500000)
  from space 2560K, 43% used [0x00000000ef780000,0x00000000ef897c10,0x00000000efa00000)
  to   space 2560K, 0% used [0x00000000ef500000,0x00000000ef500000,0x00000000ef780000)
 ParOldGen       total 41984K, used 117K [0x00000000c2600000, 0x00000000c4f00000, 0x00000000eb700000)
  object space 41984K, 0% used [0x00000000c2600000,0x00000000c261d6b8,0x00000000c4f00000)
 PSPermGen       total 21504K, used 9563K [0x00000000bd400000, 0x00000000be900000, 0x00000000c2600000)
  object space 21504K, 44% used [0x00000000bd400000,0x00000000bdd56cb8,0x00000000be900000)
GC Heap History (8 events):
Event: 0.180 GC heap before
{Heap before GC invocations=1 (full 0):
 PSYoungGen      total 18432K, used 15676K [0x00000000eb700000, 0x00000000ecb80000, 0x0000000100000000)
  eden space 15872K, 98% used [0x00000000eb700000,0x00000000ec64f088,0x00000000ec680000)
  from space 2560K, 0% used [0x00000000ec900000,0x00000000ec900000,0x00000000ecb80000)
  to   space 2560K, 0% used [0x00000000ec680000,0x00000000ec680000,0x00000000ec900000)
 ParOldGen       total 41984K, used 0K [0x00000000c2600000, 0x00000000c4f00000, 0x00000000eb700000)
  object space 41984K, 0% used [0x00000000c2600000,0x00000000c2600000,0x00000000c4f00000)
 PSPermGen       total 21504K, used 2752K [0x00000000bd400000, 0x00000000be900000, 0x00000000c2600000)
  object space 21504K, 12% used [0x00000000bd400000,0x00000000bd6b0340,0x00000000be900000)
Event: 0.250 GC heap after
Heap after GC invocations=1 (full 0):
 PSYoungGen      total 18432K, used 1204K [0x00000000eb700000, 0x00000000edb00000, 0x0000000100000000)
  eden space 15872K, 0% used [0x00000000eb700000,0x00000000eb700000,0x00000000ec680000)
  from space 2560K, 47% used [0x00000000ec680000,0x00000000ec7ad128,0x00000000ec900000)
  to   space 2560K, 0% used [0x00000000ed880000,0x00000000ed880000,0x00000000edb00000)
 ParOldGen       total 41984K, used 0K [0x00000000c2600000, 0x00000000c4f00000, 0x00000000eb700000)
  object space 41984K, 0% used [0x00000000c2600000,0x00000000c2600000,0x00000000c4f00000)
 PSPermGen       total 21504K, used 2752K [0x00000000bd400000, 0x00000000be900000, 0x00000000c2600000)
  object space 21504K, 12% used [0x00000000bd400000,0x00000000bd6b0340,0x00000000be900000)
}
Event: 0.288 GC heap before
{Heap before GC invocations=2 (full 0):
 PSYoungGen      total 18432K, used 14923K [0x00000000eb700000, 0x00000000edb00000, 0x0000000100000000)
  eden space 15872K, 86% used [0x00000000eb700000,0x00000000ec465d08,0x00000000ec680000)
  from space 2560K, 47% used [0x00000000ec680000,0x00000000ec7ad128,0x00000000ec900000)
  to   space 2560K, 0% used [0x00000000ed880000,0x00000000ed880000,0x00000000edb00000)
 ParOldGen       total 41984K, used 0K [0x00000000c2600000, 0x00000000c4f00000, 0x00000000eb700000)
  object space 41984K, 0% used [0x00000000c2600000,0x00000000c2600000,0x00000000c4f00000)
 PSPermGen       total 21504K, used 2756K [0x00000000bd400000, 0x00000000be900000, 0x00000000c2600000)
  object space 21504K, 12% used [0x00000000bd400000,0x00000000bd6b11b8,0x00000000be900000)
Event: 0.289 GC heap after
Heap after GC invocations=2 (full 0):
 PSYoungGen      total 34304K, used 2559K [0x00000000eb700000, 0x00000000edb00000, 0x0000000100000000)
  eden space 31744K, 0% used [0x00000000eb700000,0x00000000eb700000,0x00000000ed600000)
  from space 2560K, 99% used [0x00000000ed880000,0x00000000edaffc10,0x00000000edb00000)
  to   space 2560K, 0% used [0x00000000ed600000,0x00000000ed600000,0x00000000ed880000)
 ParOldGen       total 41984K, used 0K [0x00000000c2600000, 0x00000000c4f00000, 0x00000000eb700000)
  object space 41984K, 0% used [0x00000000c2600000,0x00000000c2600000,0x00000000c4f00000)
 PSPermGen       total 21504K, used 2756K [0x00000000bd400000, 0x00000000be900000, 0x00000000c2600000)
  object space 21504K, 12% used [0x00000000bd400000,0x00000000bd6b11b8,0x00000000be900000)
}
Event: 0.368 GC heap before
{Heap before GC invocations=3 (full 0):
 PSYoungGen      total 34304K, used 33929K [0x00000000eb700000, 0x00000000edb00000, 0x0000000100000000)
  eden space 31744K, 98% used [0x00000000eb700000,0x00000000ed5a2b70,0x00000000ed600000)
  from space 2560K, 99% used [0x00000000ed880000,0x00000000edaffc10,0x00000000edb00000)
  to   space 2560K, 0% used [0x00000000ed600000,0x00000000ed600000,0x00000000ed880000)
 ParOldGen       total 41984K, used 0K [0x00000000c2600000, 0x00000000c4f00000, 0x00000000eb700000)
  object space 41984K, 0% used [0x00000000c2600000,0x00000000c2600000,0x00000000c4f00000)
 PSPermGen       total 21504K, used 2756K [0x00000000bd400000, 0x00000000be900000, 0x00000000c2600000)
  object space 21504K, 12% used [0x00000000bd400000,0x00000000bd6b1260,0x00000000be900000)
Event: 0.370 GC heap after
Heap after GC invocations=3 (full 0):
 PSYoungGen      total 34304K, used 2559K [0x00000000eb700000, 0x00000000efa00000, 0x0000000100000000)
  eden space 31744K, 0% used [0x00000000eb700000,0x00000000eb700000,0x00000000ed600000)
  from space 2560K, 99% used [0x00000000ed600000,0x00000000ed87fc10,0x00000000ed880000)
  to   space 2560K, 0% used [0x00000000ef780000,0x00000000ef780000,0x00000000efa00000)
 ParOldGen       total 41984K, used 117K [0x00000000c2600000, 0x00000000c4f00000, 0x00000000eb700000)
  object space 41984K, 0% used [0x00000000c2600000,0x00000000c261d6b8,0x00000000c4f00000)
 PSPermGen       total 21504K, used 2756K [0x00000000bd400000, 0x00000000be900000, 0x00000000c2600000)
  object space 21504K, 12% used [0x00000000bd400000,0x00000000bd6b1260,0x00000000be900000)
}
Event: 0.498 GC heap before
{Heap before GC invocations=4 (full 0):
 PSYoungGen      total 34304K, used 33972K [0x00000000eb700000, 0x00000000efa00000, 0x0000000100000000)
  eden space 31744K, 98% used [0x00000000eb700000,0x00000000ed5ad440,0x00000000ed600000)
  from space 2560K, 99% used [0x00000000ed600000,0x00000000ed87fc10,0x00000000ed880000)
  to   space 2560K, 0% used [0x00000000ef780000,0x00000000ef780000,0x00000000efa00000)
 ParOldGen       total 41984K, used 117K [0x00000000c2600000, 0x00000000c4f00000, 0x00000000eb700000)
  object space 41984K, 0% used [0x00000000c2600000,0x00000000c261d6b8,0x00000000c4f00000)
 PSPermGen       total 21504K, used 2758K [0x00000000bd400000, 0x00000000be900000, 0x00000000c2600000)
  object space 21504K, 12% used [0x00000000bd400000,0x00000000bd6b1918,0x00000000be900000)
Event: 0.524 GC heap after
Heap after GC invocations=4 (full 0):
 PSYoungGen      total 66048K, used 1119K [0x00000000eb700000, 0x00000000efa00000, 0x0000000100000000)
  eden space 63488K, 0% used [0x00000000eb700000,0x00000000eb700000,0x00000000ef500000)
  from space 2560K, 43% used [0x00000000ef780000,0x00000000ef897c10,0x00000000efa00000)
  to   space 2560K, 0% used [0x00000000ef500000,0x00000000ef500000,0x00000000ef780000)
 ParOldGen       total 41984K, used 117K [0x00000000c2600000, 0x00000000c4f00000, 0x00000000eb700000)
  object space 41984K, 0% used [0x00000000c2600000,0x00000000c261d6b8,0x00000000c4f00000)
 PSPermGen       total 21504K, used 2758K [0x00000000bd400000, 0x00000000be900000, 0x00000000c2600000)
  object space 21504K, 12% used [0x00000000bd400000,0x00000000bd6b1918,0x00000000be900000)
}

