# JRE version: Java(TM) SE Runtime Environment (7.0_60-b04) (build 1.7.0_60-ea-b04)
# Java VM: Java HotSpot(TM) 64-Bit Server VM (24.60-b07 mixed mode windows-amd64 compressed oops)
Heap
 PSYoungGen      total 66048K, used 39849K [0x00000000eb700000, 0x00000000f5100000, 0x0000000100000000)
  eden space 63488K, 58% used [0x00000000eb700000,0x00000000edb6b708,0x00000000ef500000)
  from space 2560K, 99% used [0x00000000ef500000,0x00000000ef77ef08,0x00000000ef780000)
  to   space 15360K, 0% used [0x00000000f4200000,0x00000000f4200000,0x00000000f5100000)
 ParOldGen       total 41984K, used 20948K [0x00000000c2600000, 0x00000000c4f00000, 0x00000000eb700000)
  object space 41984K, 49% used [0x00000000c2600000,0x00000000c3a75290,0x00000000c4f00000)
 PSPermGen       total 21504K, used 9469K [0x00000000bd400000, 0x00000000be900000, 0x00000000c2600000)
  object space 21504K, 44% used [0x00000000bd400000,0x00000000bdd3f508,0x00000000be900000)
GC Heap History (10 events):
Event: 0.330 GC heap before
{Heap before GC invocations=1 (full 0):
 PSYoungGen      total 18432K, used 15483K [0x00000000eb700000, 0x00000000ecb80000, 0x0000000100000000)
  eden space 15872K, 97% used [0x00000000eb700000,0x00000000ec61eff8,0x00000000ec680000)
  from space 2560K, 0% used [0x00000000ec900000,0x00000000ec900000,0x00000000ecb80000)
  to   space 2560K, 0% used [0x00000000ec680000,0x00000000ec680000,0x00000000ec900000)
 ParOldGen       total 41984K, used 0K [0x00000000c2600000, 0x00000000c4f00000, 0x00000000eb700000)
  object space 41984K, 0% used [0x00000000c2600000,0x00000000c2600000,0x00000000c4f00000)
 PSPermGen       total 21504K, used 2751K [0x00000000bd400000, 0x00000000be900000, 0x00000000c2600000)
  object space 21504K, 12% used [0x00000000bd400000,0x00000000bd6afda0,0x00000000be900000)
Event: 0.362 GC heap after
Heap after GC invocations=1 (full 0):
 PSYoungGen      total 18432K, used 948K [0x00000000eb700000, 0x00000000edb00000, 0x0000000100000000)
  eden space 15872K, 0% used [0x00000000eb700000,0x00000000eb700000,0x00000000ec680000)
  from space 2560K, 37% used [0x00000000ec680000,0x00000000ec76d128,0x00000000ec900000)
  to   space 2560K, 0% used [0x00000000ed880000,0x00000000ed880000,0x00000000edb00000)
 ParOldGen       total 41984K, used 0K [0x00000000c2600000, 0x00000000c4f00000, 0x00000000eb700000)
  object space 41984K, 0% used [0x00000000c2600000,0x00000000c2600000,0x00000000c4f00000)
 PSPermGen       total 21504K, used 2751K [0x00000000bd400000, 0x00000000be900000, 0x00000000c2600000)
  object space 21504K, 12% used [0x00000000bd400000,0x00000000bd6afda0,0x00000000be900000)
}
Event: 0.511 GC heap before
{Heap before GC invocations=2 (full 0):
 PSYoungGen      total 18432K, used 15034K [0x00000000eb700000, 0x00000000edb00000, 0x0000000100000000)
  eden space 15872K, 88% used [0x00000000eb700000,0x00000000ec4c1728,0x00000000ec680000)
  from space 2560K, 37% used [0x00000000ec680000,0x00000000ec76d128,0x00000000ec900000)
  to   space 2560K, 0% used [0x00000000ed880000,0x00000000ed880000,0x00000000edb00000)
 ParOldGen       total 41984K, used 0K [0x00000000c2600000, 0x00000000c4f00000, 0x00000000eb700000)
  object space 41984K, 0% used [0x00000000c2600000,0x00000000c2600000,0x00000000c4f00000)
 PSPermGen       total 21504K, used 2755K [0x00000000bd400000, 0x00000000be900000, 0x00000000c2600000)
  object space 21504K, 12% used [0x00000000bd400000,0x00000000bd6b0c18,0x00000000be900000)
Event: 0.547 GC heap after
Heap after GC invocations=2 (full 0):
 PSYoungGen      total 34304K, used 2527K [0x00000000eb700000, 0x00000000edb00000, 0x0000000100000000)
  eden space 31744K, 0% used [0x00000000eb700000,0x00000000eb700000,0x00000000ed600000)
  from space 2560K, 98% used [0x00000000ed880000,0x00000000edaf7c10,0x00000000edb00000)
  to   space 2560K, 0% used [0x00000000ed600000,0x00000000ed600000,0x00000000ed880000)
 ParOldGen       total 41984K, used 0K [0x00000000c2600000, 0x00000000c4f00000, 0x00000000eb700000)
  object space 41984K, 0% used [0x00000000c2600000,0x00000000c2600000,0x00000000c4f00000)
 PSPermGen       total 21504K, used 2755K [0x00000000bd400000, 0x00000000be900000, 0x00000000c2600000)
  object space 21504K, 12% used [0x00000000bd400000,0x00000000bd6b0c18,0x00000000be900000)
}
Event: 0.704 GC heap before
{Heap before GC invocations=3 (full 0):
 PSYoungGen      total 34304K, used 33854K [0x00000000eb700000, 0x00000000edb00000, 0x0000000100000000)
  eden space 31744K, 98% used [0x00000000eb700000,0x00000000ed597c18,0x00000000ed600000)
  from space 2560K, 98% used [0x00000000ed880000,0x00000000edaf7c10,0x00000000edb00000)
  to   space 2560K, 0% used [0x00000000ed600000,0x00000000ed600000,0x00000000ed880000)
 ParOldGen       total 41984K, used 0K [0x00000000c2600000, 0x00000000c4f00000, 0x00000000eb700000)
  object space 41984K, 0% used [0x00000000c2600000,0x00000000c2600000,0x00000000c4f00000)
 PSPermGen       total 21504K, used 2755K [0x00000000bd400000, 0x00000000be900000, 0x00000000c2600000)
  object space 21504K, 12% used [0x00000000bd400000,0x00000000bd6b0cc0,0x00000000be900000)
Event: 0.707 GC heap after
Heap after GC invocations=3 (full 0):
 PSYoungGen      total 34304K, used 2543K [0x00000000eb700000, 0x00000000efa00000, 0x0000000100000000)
  eden space 31744K, 0% used [0x00000000eb700000,0x00000000eb700000,0x00000000ed600000)
  from space 2560K, 99% used [0x00000000ed600000,0x00000000ed87bc20,0x00000000ed880000)
  to   space 2560K, 0% used [0x00000000ef780000,0x00000000ef780000,0x00000000efa00000)
 ParOldGen       total 41984K, used 152K [0x00000000c2600000, 0x00000000c4f00000, 0x00000000eb700000)
  object space 41984K, 0% used [0x00000000c2600000,0x00000000c2626070,0x00000000c4f00000)
 PSPermGen       total 21504K, used 2755K [0x00000000bd400000, 0x00000000be900000, 0x00000000c2600000)
  object space 21504K, 12% used [0x00000000bd400000,0x00000000bd6b0cc0,0x00000000be900000)
}
Event: 0.899 GC heap before
{Heap before GC invocations=4 (full 0):
 PSYoungGen      total 34304K, used 33988K [0x00000000eb700000, 0x00000000efa00000, 0x0000000100000000)
  eden space 31744K, 99% used [0x00000000eb700000,0x00000000ed5b54d8,0x00000000ed600000)
  from space 2560K, 99% used [0x00000000ed600000,0x00000000ed87bc20,0x00000000ed880000)
  to   space 2560K, 0% used [0x00000000ef780000,0x00000000ef780000,0x00000000efa00000)
 ParOldGen       total 41984K, used 152K [0x00000000c2600000, 0x00000000c4f00000, 0x00000000eb700000)
  object space 41984K, 0% used [0x00000000c2600000,0x00000000c2626070,0x00000000c4f00000)
 PSPermGen       total 21504K, used 2756K [0x00000000bd400000, 0x00000000be900000, 0x00000000c2600000)
  object space 21504K, 12% used [0x00000000bd400000,0x00000000bd6b1378,0x00000000be900000)
Event: 0.905 GC heap after
Heap after GC invocations=4 (full 0):
 PSYoungGen      total 66048K, used 1135K [0x00000000eb700000, 0x00000000efa00000, 0x0000000100000000)
  eden space 63488K, 0% used [0x00000000eb700000,0x00000000eb700000,0x00000000ef500000)
  from space 2560K, 44% used [0x00000000ef780000,0x00000000ef89bc20,0x00000000efa00000)
  to   space 2560K, 0% used [0x00000000ef500000,0x00000000ef500000,0x00000000ef780000)
 ParOldGen       total 41984K, used 152K [0x00000000c2600000, 0x00000000c4f00000, 0x00000000eb700000)
  object space 41984K, 0% used [0x00000000c2600000,0x00000000c2626070,0x00000000c4f00000)
 PSPermGen       total 21504K, used 2756K [0x00000000bd400000, 0x00000000be900000, 0x00000000c2600000)
  object space 21504K, 12% used [0x00000000bd400000,0x00000000bd6b1378,0x00000000be900000)
}
Event: 1.939 GC heap before
{Heap before GC invocations=5 (full 0):
 PSYoungGen      total 66048K, used 63030K [0x00000000eb700000, 0x00000000efa00000, 0x0000000100000000)
  eden space 63488K, 97% used [0x00000000eb700000,0x00000000ef371f48,0x00000000ef500000)
  from space 2560K, 44% used [0x00000000ef780000,0x00000000ef89bc20,0x00000000efa00000)
  to   space 2560K, 0% used [0x00000000ef500000,0x00000000ef500000,0x00000000ef780000)
 ParOldGen       total 41984K, used 4250K [0x00000000c2600000, 0x00000000c4f00000, 0x00000000eb700000)
  object space 41984K, 10% used [0x00000000c2600000,0x00000000c2a26880,0x00000000c4f00000)
 PSPermGen       total 21504K, used 9182K [0x00000000bd400000, 0x00000000be900000, 0x00000000c2600000)
  object space 21504K, 42% used [0x00000000bd400000,0x00000000bdcf7848,0x00000000be900000)
Event: 1.955 GC heap after
Heap after GC invocations=5 (full 0):
 PSYoungGen      total 66048K, used 2555K [0x00000000eb700000, 0x00000000f5100000, 0x0000000100000000)
  eden space 63488K, 0% used [0x00000000eb700000,0x00000000eb700000,0x00000000ef500000)
  from space 2560K, 99% used [0x00000000ef500000,0x00000000ef77ef08,0x00000000ef780000)
  to   space 15360K, 0% used [0x00000000f4200000,0x00000000f4200000,0x00000000f5100000)
 ParOldGen       total 41984K, used 20948K [0x00000000c2600000, 0x00000000c4f00000, 0x00000000eb700000)
  object space 41984K, 49% used [0x00000000c2600000,0x00000000c3a75290,0x00000000c4f00000)
 PSPermGen       total 21504K, used 9182K [0x00000000bd400000, 0x00000000be900000, 0x00000000c2600000)
  object space 21504K, 42% used [0x00000000bd400000,0x00000000bdcf7848,0x00000000be900000)
}

