# JRE version: Java(TM) SE Runtime Environment (7.0_60-b04) (build 1.7.0_60-ea-b04)
# Java VM: Java HotSpot(TM) 64-Bit Server VM (24.60-b07 mixed mode windows-amd64 compressed oops)
Heap
 PSYoungGen      total 67072K, used 61211K [0x00000000eb700000, 0x00000000f3a00000, 0x0000000100000000)
  eden space 63488K, 96% used [0x00000000eb700000,0x00000000ef2c6d68,0x00000000ef500000)
  from space 3584K, 0% used [0x00000000ef500000,0x00000000ef500000,0x00000000ef880000)
  to   space 3584K, 0% used [0x00000000f3680000,0x00000000f3680000,0x00000000f3a00000)
 ParOldGen       total 83968K, used 35271K [0x00000000c2600000, 0x00000000c7800000, 0x00000000eb700000)
  object space 83968K, 42% used [0x00000000c2600000,0x00000000c4871fb0,0x00000000c7800000)
 PSPermGen       total 21504K, used 9488K [0x00000000bd400000, 0x00000000be900000, 0x00000000c2600000)
  object space 21504K, 44% used [0x00000000bd400000,0x00000000bdd44068,0x00000000be900000)
GC Heap History (10 events):
Event: 0.578 GC heap before
{Heap before GC invocations=4 (full 0):
 PSYoungGen      total 18432K, used 17930K [0x00000000eb700000, 0x00000000edb00000, 0x0000000100000000)
  eden space 15872K, 96% used [0x00000000eb700000,0x00000000ec602e20,0x00000000ec680000)
  from space 2560K, 99% used [0x00000000ec680000,0x00000000ec8ffc10,0x00000000ec900000)
  to   space 2560K, 0% used [0x00000000ed880000,0x00000000ed880000,0x00000000edb00000)
 ParOldGen       total 41984K, used 79K [0x00000000c2600000, 0x00000000c4f00000, 0x00000000eb700000)
  object space 41984K, 0% used [0x00000000c2600000,0x00000000c2613ff0,0x00000000c4f00000)
 PSPermGen       total 21504K, used 2755K [0x00000000bd400000, 0x00000000be900000, 0x00000000c2600000)
  object space 21504K, 12% used [0x00000000bd400000,0x00000000bd6b0cc0,0x00000000be900000)
Event: 0.581 GC heap after
Heap after GC invocations=4 (full 0):
 PSYoungGen      total 34304K, used 1567K [0x00000000eb700000, 0x00000000edb00000, 0x0000000100000000)
  eden space 31744K, 0% used [0x00000000eb700000,0x00000000eb700000,0x00000000ed600000)
  from space 2560K, 61% used [0x00000000ed880000,0x00000000eda07c10,0x00000000edb00000)
  to   space 2560K, 0% used [0x00000000ed600000,0x00000000ed600000,0x00000000ed880000)
 ParOldGen       total 41984K, used 79K [0x00000000c2600000, 0x00000000c4f00000, 0x00000000eb700000)
  object space 41984K, 0% used [0x00000000c2600000,0x00000000c2613ff0,0x00000000c4f00000)
 PSPermGen       total 21504K, used 2755K [0x00000000bd400000, 0x00000000be900000, 0x00000000c2600000)
  object space 21504K, 12% used [0x00000000bd400000,0x00000000bd6b0cc0,0x00000000be900000)
}
Event: 0.732 GC heap before
{Heap before GC invocations=5 (full 0):
 PSYoungGen      total 34304K, used 32945K [0x00000000eb700000, 0x00000000edb00000, 0x0000000100000000)
  eden space 31744K, 98% used [0x00000000eb700000,0x00000000ed5a4ab8,0x00000000ed600000)
  from space 2560K, 61% used [0x00000000ed880000,0x00000000eda07c10,0x00000000edb00000)
  to   space 2560K, 0% used [0x00000000ed600000,0x00000000ed600000,0x00000000ed880000)
 ParOldGen       total 41984K, used 79K [0x00000000c2600000, 0x00000000c4f00000, 0x00000000eb700000)
  object space 41984K, 0% used [0x00000000c2600000,0x00000000c2613ff0,0x00000000c4f00000)
 PSPermGen       total 21504K, used 2756K [0x00000000bd400000, 0x00000000be900000, 0x00000000c2600000)
  object space 21504K, 12% used [0x00000000bd400000,0x00000000bd6b1378,0x00000000be900000)
Event: 0.734 GC heap after
Heap after GC invocations=5 (full 0):
 PSYoungGen      total 34304K, used 1135K [0x00000000eb700000, 0x00000000efc00000, 0x0000000100000000)
  eden space 31744K, 0% used [0x00000000eb700000,0x00000000eb700000,0x00000000ed600000)
  from space 2560K, 44% used [0x00000000ed600000,0x00000000ed71bc20,0x00000000ed880000)
  to   space 3584K, 0% used [0x00000000ef880000,0x00000000ef880000,0x00000000efc00000)
 ParOldGen       total 41984K, used 79K [0x00000000c2600000, 0x00000000c4f00000, 0x00000000eb700000)
  object space 41984K, 0% used [0x00000000c2600000,0x00000000c2613ff0,0x00000000c4f00000)
 PSPermGen       total 21504K, used 2756K [0x00000000bd400000, 0x00000000be900000, 0x00000000c2600000)
  object space 21504K, 12% used [0x00000000bd400000,0x00000000bd6b1378,0x00000000be900000)
}
Event: 0.867 GC heap before
{Heap before GC invocations=6 (full 0):
 PSYoungGen      total 34304K, used 28851K [0x00000000eb700000, 0x00000000efc00000, 0x0000000100000000)
  eden space 31744K, 87% used [0x00000000eb700000,0x00000000ed211178,0x00000000ed600000)
  from space 2560K, 44% used [0x00000000ed600000,0x00000000ed71bc20,0x00000000ed880000)
  to   space 3584K, 0% used [0x00000000ef880000,0x00000000ef880000,0x00000000efc00000)
 ParOldGen       total 41984K, used 79K [0x00000000c2600000, 0x00000000c4f00000, 0x00000000eb700000)
  object space 41984K, 0% used [0x00000000c2600000,0x00000000c2613ff0,0x00000000c4f00000)
 PSPermGen       total 21504K, used 2756K [0x00000000bd400000, 0x00000000be900000, 0x00000000c2600000)
  object space 21504K, 12% used [0x00000000bd400000,0x00000000bd6b1378,0x00000000be900000)
Event: 0.869 GC heap after
Heap after GC invocations=6 (full 0):
 PSYoungGen      total 67072K, used 2591K [0x00000000eb700000, 0x00000000efc00000, 0x0000000100000000)
  eden space 63488K, 0% used [0x00000000eb700000,0x00000000eb700000,0x00000000ef500000)
  from space 3584K, 72% used [0x00000000ef880000,0x00000000efb07c10,0x00000000efc00000)
  to   space 3584K, 0% used [0x00000000ef500000,0x00000000ef500000,0x00000000ef880000)
 ParOldGen       total 41984K, used 79K [0x00000000c2600000, 0x00000000c4f00000, 0x00000000eb700000)
  object space 41984K, 0% used [0x00000000c2600000,0x00000000c2613ff0,0x00000000c4f00000)
 PSPermGen       total 21504K, used 2756K [0x00000000bd400000, 0x00000000be900000, 0x00000000c2600000)
  object space 21504K, 12% used [0x00000000bd400000,0x00000000bd6b1378,0x00000000be900000)
}
Event: 2.329 GC heap before
{Heap before GC invocations=7 (full 0):
 PSYoungGen      total 67072K, used 62923K [0x00000000eb700000, 0x00000000efc00000, 0x0000000100000000)
  eden space 63488K, 95% used [0x00000000eb700000,0x00000000ef1eb150,0x00000000ef500000)
  from space 3584K, 72% used [0x00000000ef880000,0x00000000efb07c10,0x00000000efc00000)
  to   space 3584K, 0% used [0x00000000ef500000,0x00000000ef500000,0x00000000ef880000)
 ParOldGen       total 41984K, used 79K [0x00000000c2600000, 0x00000000c4f00000, 0x00000000eb700000)
  object space 41984K, 0% used [0x00000000c2600000,0x00000000c2613ff0,0x00000000c4f00000)
 PSPermGen       total 21504K, used 9395K [0x00000000bd400000, 0x00000000be900000, 0x00000000c2600000)
  object space 21504K, 43% used [0x00000000bd400000,0x00000000bdd2cdb0,0x00000000be900000)
Event: 2.444 GC heap after
Heap after GC invocations=7 (full 0):
 PSYoungGen      total 67072K, used 2551K [0x00000000eb700000, 0x00000000f3a00000, 0x0000000100000000)
  eden space 63488K, 0% used [0x00000000eb700000,0x00000000eb700000,0x00000000ef500000)
  from space 3584K, 71% used [0x00000000ef500000,0x00000000ef77ded8,0x00000000ef880000)
  to   space 3584K, 0% used [0x00000000f3680000,0x00000000f3680000,0x00000000f3a00000)
 ParOldGen       total 50176K, used 49076K [0x00000000c2600000, 0x00000000c5700000, 0x00000000eb700000)
  object space 50176K, 97% used [0x00000000c2600000,0x00000000c55ed0b0,0x00000000c5700000)
 PSPermGen       total 21504K, used 9395K [0x00000000bd400000, 0x00000000be900000, 0x00000000c2600000)
  object space 21504K, 43% used [0x00000000bd400000,0x00000000bdd2cdb0,0x00000000be900000)
}
Event: 2.444 GC heap before
{Heap before GC invocations=8 (full 1):
 PSYoungGen      total 67072K, used 2551K [0x00000000eb700000, 0x00000000f3a00000, 0x0000000100000000)
  eden space 63488K, 0% used [0x00000000eb700000,0x00000000eb700000,0x00000000ef500000)
  from space 3584K, 71% used [0x00000000ef500000,0x00000000ef77ded8,0x00000000ef880000)
  to   space 3584K, 0% used [0x00000000f3680000,0x00000000f3680000,0x00000000f3a00000)
 ParOldGen       total 50176K, used 49076K [0x00000000c2600000, 0x00000000c5700000, 0x00000000eb700000)
  object space 50176K, 97% used [0x00000000c2600000,0x00000000c55ed0b0,0x00000000c5700000)
 PSPermGen       total 21504K, used 9395K [0x00000000bd400000, 0x00000000be900000, 0x00000000c2600000)
  object space 21504K, 43% used [0x00000000bd400000,0x00000000bdd2cdb0,0x00000000be900000)
Event: 2.591 GC heap after
Heap after GC invocations=8 (full 1):
 PSYoungGen      total 67072K, used 0K [0x00000000eb700000, 0x00000000f3a00000, 0x0000000100000000)
  eden space 63488K, 0% used [0x00000000eb700000,0x00000000eb700000,0x00000000ef500000)
  from space 3584K, 0% used [0x00000000ef500000,0x00000000ef500000,0x00000000ef880000)
  to   space 3584K, 0% used [0x00000000f3680000,0x00000000f3680000,0x00000000f3a00000)
 ParOldGen       total 83968K, used 35271K [0x00000000c2600000, 0x00000000c7800000, 0x00000000eb700000)
  object space 83968K, 42% used [0x00000000c2600000,0x00000000c4871fb0,0x00000000c7800000)
 PSPermGen       total 21504K, used 9393K [0x00000000bd400000, 0x00000000be900000, 0x00000000c2600000)
  object space 21504K, 43% used [0x00000000bd400000,0x00000000bdd2c4d0,0x00000000be900000)
}

